[train] Loaded 50000 real images  |  batches: 390
[valid] Loaded 10000 real images  |  batches: 79
[test] Loaded 10000 real images  |  batches: 79
Epoch 1/150
Critic loss: -16.5338 - Generator loss: 19.9920
Epoch 2/150
Critic loss: -11.7612 - Generator loss: 6.0943
Epoch 3/150
Critic loss: -7.6281 - Generator loss: -2.6563
Epoch 4/150
Critic loss: -6.9578 - Generator loss: -2.7845
Epoch 5/150
Critic loss: -5.8127 - Generator loss: -2.5142
Epoch 6/150
Critic loss: -5.5567 - Generator loss: -1.2329
Epoch 7/150
Critic loss: -6.6587 - Generator loss: 0.6266
Epoch 8/150
Critic loss: -5.9143 - Generator loss: 1.6585
Epoch 9/150
Critic loss: -4.9923 - Generator loss: 1.1794
Epoch 10/150
Critic loss: -5.5639 - Generator loss: 1.5320
Generated 10000 images -> output/wgan_gp/fid_temp
FID: 161.7414
Validation FID: 161.7414
New best model - models/wgan_gp_model_64.pt, with FID: 161.7414
Epoch 11/150
Critic loss: -4.6318 - Generator loss: 1.0497
Epoch 12/150
Critic loss: -4.5297 - Generator loss: 0.9819
Epoch 13/150
Critic loss: -4.3697 - Generator loss: 0.5113
Epoch 14/150
Critic loss: -4.7603 - Generator loss: -0.2002
Epoch 15/150
Critic loss: -4.0742 - Generator loss: -0.6110
Epoch 16/150
Critic loss: -4.2733 - Generator loss: -1.3723
Epoch 17/150
Critic loss: -3.7237 - Generator loss: -0.8577
Epoch 18/150
Critic loss: -4.2761 - Generator loss: -1.0791
Epoch 19/150
Critic loss: -3.9481 - Generator loss: -0.4858
Epoch 20/150
Critic loss: -3.8983 - Generator loss: -0.4540
Generated 10000 images -> output/wgan_gp/fid_temp
FID: 157.2361
Validation FID: 157.2361
New best model - models/wgan_gp_model_64.pt, with FID: 157.2361
Epoch 21/150
Critic loss: -4.5311 - Generator loss: 0.0978
Epoch 22/150
Critic loss: -3.5134 - Generator loss: -0.2284
Epoch 23/150
Critic loss: -3.8165 - Generator loss: -0.2074
Epoch 24/150
Critic loss: -3.4180 - Generator loss: 0.9830
Epoch 25/150
Critic loss: -3.2793 - Generator loss: 0.3931
Epoch 26/150
Critic loss: -3.9018 - Generator loss: 0.5283
Epoch 27/150
Critic loss: -3.4936 - Generator loss: 0.1816
Epoch 28/150
Critic loss: -3.3708 - Generator loss: 1.6277
Epoch 29/150
Critic loss: -3.2275 - Generator loss: 1.8904
Epoch 30/150
Critic loss: -3.2433 - Generator loss: 0.8595
Generated 10000 images -> output/wgan_gp/fid_temp
FID: 147.8808
Validation FID: 147.8808
New best model - models/wgan_gp_model_64.pt, with FID: 147.8808
Epoch 31/150
Critic loss: -3.1642 - Generator loss: 2.2625
Epoch 32/150
Critic loss: -3.2392 - Generator loss: 1.5897
Epoch 33/150
Critic loss: -3.1432 - Generator loss: 1.8541
Epoch 34/150
Critic loss: -3.5109 - Generator loss: 1.9902
Epoch 35/150
Critic loss: -3.6555 - Generator loss: 2.1390
Epoch 36/150
Critic loss: -3.2041 - Generator loss: 2.4189
Epoch 37/150
Critic loss: -2.8420 - Generator loss: 2.3615
Epoch 38/150
Critic loss: -2.9897 - Generator loss: 2.7038
Epoch 39/150
Critic loss: -2.9017 - Generator loss: 2.3221
Epoch 40/150
Critic loss: -3.0538 - Generator loss: 2.2326
Generated 10000 images -> output/wgan_gp/fid_temp
FID: 148.2094
Validation FID: 148.2094
No FID improvement - 148.2094 over best 147.8808
Epoch 41/150
Critic loss: -2.8541 - Generator loss: 2.2947
Epoch 42/150
Critic loss: -2.6713 - Generator loss: 1.4804
Epoch 43/150
Critic loss: -3.2293 - Generator loss: 2.2690
Epoch 44/150
Critic loss: -2.8251 - Generator loss: 2.1845
Epoch 45/150
Critic loss: -2.9631 - Generator loss: 1.9835
Epoch 46/150
Critic loss: -2.8667 - Generator loss: 2.6909
Epoch 47/150
Critic loss: -3.1641 - Generator loss: 3.2791
Epoch 48/150
Critic loss: -3.0986 - Generator loss: 2.1639
Epoch 49/150
Critic loss: -2.5859 - Generator loss: 2.0541
Epoch 50/150
Critic loss: -2.8488 - Generator loss: 2.8337
Generated 10000 images -> output/wgan_gp/fid_temp
FID: 142.6950
Validation FID: 142.6950
New best model - models/wgan_gp_model_64.pt, with FID: 142.6950
Epoch 51/150
Critic loss: -2.7157 - Generator loss: 2.8906
Epoch 52/150
Critic loss: -2.6229 - Generator loss: 2.5153
Epoch 53/150
Critic loss: -3.0044 - Generator loss: 2.8074
Epoch 54/150
Critic loss: -3.1454 - Generator loss: 2.7331
Epoch 55/150
Critic loss: -3.2791 - Generator loss: 2.7873
Epoch 56/150
Critic loss: -2.4984 - Generator loss: 3.3409
Epoch 57/150
Critic loss: -2.8965 - Generator loss: 3.2286
Epoch 58/150
Critic loss: -2.4488 - Generator loss: 3.4438
Epoch 59/150
Critic loss: -2.4425 - Generator loss: 3.4689
Epoch 60/150
Critic loss: -2.4358 - Generator loss: 3.4517
Generated 10000 images -> output/wgan_gp/fid_temp
FID: 139.3995
Validation FID: 139.3995
New best model - models/wgan_gp_model_64.pt, with FID: 139.3995
Epoch 61/150
Critic loss: -2.2714 - Generator loss: 3.6715
Epoch 62/150
Critic loss: -2.6284 - Generator loss: 3.2779
Epoch 63/150
Critic loss: -2.5761 - Generator loss: 3.0554
Epoch 64/150
Critic loss: -2.5745 - Generator loss: 3.0389
Epoch 65/150
Critic loss: -2.3095 - Generator loss: 3.0376
Epoch 66/150
Critic loss: -2.7458 - Generator loss: 3.5792
Epoch 67/150
Critic loss: -2.2286 - Generator loss: 3.8431
Epoch 68/150
Critic loss: -2.3298 - Generator loss: 3.4391
Epoch 69/150
Critic loss: -2.4971 - Generator loss: 3.2207
Epoch 70/150
Critic loss: -2.6941 - Generator loss: 3.7219
Generated 10000 images -> output/wgan_gp/fid_temp
FID: 138.5294
Validation FID: 138.5294
New best model - models/wgan_gp_model_64.pt, with FID: 138.5294
Epoch 71/150
Critic loss: -2.3731 - Generator loss: 4.3570
Epoch 72/150
Critic loss: -2.4102 - Generator loss: 3.7902
Epoch 73/150
Critic loss: -2.2979 - Generator loss: 3.6764
Epoch 74/150
Critic loss: -2.6600 - Generator loss: 4.3663
Epoch 75/150
Critic loss: -2.5476 - Generator loss: 4.1283
Epoch 76/150
Critic loss: -2.0409 - Generator loss: 3.8990
Epoch 77/150
Critic loss: -1.7894 - Generator loss: 4.3785
Epoch 78/150
Critic loss: -2.2857 - Generator loss: 4.6835
Epoch 79/150
Critic loss: -2.4349 - Generator loss: 4.1553
Epoch 80/150
Critic loss: -2.3121 - Generator loss: 4.1794
Generated 10000 images -> output/wgan_gp/fid_temp
FID: 138.9710
Validation FID: 138.9710
No FID improvement - 138.9710 over best 138.5294
Epoch 81/150
Critic loss: -2.4322 - Generator loss: 4.0273
Epoch 82/150
Critic loss: -2.3590 - Generator loss: 4.3454
Epoch 83/150
Critic loss: -2.4574 - Generator loss: 4.3858
Epoch 84/150
Critic loss: -2.5885 - Generator loss: 4.0303
Epoch 85/150
Critic loss: -1.9886 - Generator loss: 3.9762
Epoch 86/150
Critic loss: -2.5828 - Generator loss: 4.1298
Epoch 87/150
Critic loss: -1.4738 - Generator loss: 4.1850
Epoch 88/150
Critic loss: -2.4882 - Generator loss: 4.2353
Epoch 89/150
Critic loss: -2.0485 - Generator loss: 4.0721
Epoch 90/150
Critic loss: -2.3233 - Generator loss: 4.4892
Generated 10000 images -> output/wgan_gp/fid_temp
FID: 137.3729
Validation FID: 137.3729
New best model - models/wgan_gp_model_64.pt, with FID: 137.3729
Epoch 91/150
Critic loss: -2.1509 - Generator loss: 3.9443
Epoch 92/150
Critic loss: -2.1752 - Generator loss: 3.6906
Epoch 93/150
Critic loss: -2.2598 - Generator loss: 4.0685
Epoch 94/150
Critic loss: -2.4700 - Generator loss: 4.4106
Epoch 95/150
Critic loss: -2.4491 - Generator loss: 4.1089
Epoch 96/150
Critic loss: -1.6031 - Generator loss: 4.0090
Epoch 97/150
Critic loss: -2.1760 - Generator loss: 3.9958
Epoch 98/150
Critic loss: -2.1801 - Generator loss: 4.2079
Epoch 99/150
Critic loss: -1.8891 - Generator loss: 3.8478
Epoch 100/150
Critic loss: -2.5257 - Generator loss: 3.5650
Generated 10000 images -> output/wgan_gp/fid_temp
FID: 139.5632
Validation FID: 139.5632
No FID improvement - 139.5632 over best 137.3729
Epoch 101/150
Critic loss: -2.0655 - Generator loss: 3.6295
Epoch 102/150
Critic loss: -2.6942 - Generator loss: 3.8528
Epoch 103/150
Critic loss: -2.0442 - Generator loss: 4.0278
Epoch 104/150
Critic loss: -2.9090 - Generator loss: 4.1707
Epoch 105/150
Critic loss: -2.5326 - Generator loss: 4.0984
Epoch 106/150
Critic loss: -2.1198 - Generator loss: 4.2877
Epoch 107/150
Critic loss: -2.8399 - Generator loss: 4.5974
Epoch 108/150
Critic loss: -2.0010 - Generator loss: 4.1465
Epoch 109/150
Critic loss: -2.1155 - Generator loss: 4.0723
Epoch 110/150
Critic loss: -2.2875 - Generator loss: 3.9997
Generated 10000 images -> output/wgan_gp/fid_temp
FID: 138.9089
Validation FID: 138.9089
No FID improvement - 138.9089 over best 137.3729
Epoch 111/150
Critic loss: -1.9334 - Generator loss: 4.0822
Epoch 112/150
Critic loss: -1.8389 - Generator loss: 4.3341
Epoch 113/150
Critic loss: -2.1865 - Generator loss: 4.2116
Epoch 114/150
Critic loss: -1.6527 - Generator loss: 4.2859
Epoch 115/150
Critic loss: -2.2843 - Generator loss: 3.8303
Epoch 116/150
Critic loss: -2.1533 - Generator loss: 4.3125
Epoch 117/150
Critic loss: -2.2234 - Generator loss: 3.8744
Epoch 118/150
Critic loss: -2.4351 - Generator loss: 4.1963
Epoch 119/150
Critic loss: -2.2511 - Generator loss: 4.4529
Epoch 120/150
Critic loss: -2.4036 - Generator loss: 3.9785
Generated 10000 images -> output/wgan_gp/fid_temp
FID: 136.3778
Validation FID: 136.3778
New best model - models/wgan_gp_model_64.pt, with FID: 136.3778
Epoch 121/150
Critic loss: -2.4320 - Generator loss: 3.9395
Epoch 122/150
Critic loss: -2.0526 - Generator loss: 3.7716
Epoch 123/150
Critic loss: -2.2417 - Generator loss: 4.3397
Epoch 124/150
Critic loss: -2.3413 - Generator loss: 4.3153
Epoch 125/150
Critic loss: -2.3764 - Generator loss: 3.8663
Epoch 126/150
Critic loss: -2.0329 - Generator loss: 4.1128
Epoch 127/150
Critic loss: -2.1272 - Generator loss: 4.4713
Epoch 128/150
Critic loss: -1.6979 - Generator loss: 4.2453
Epoch 129/150
Critic loss: -2.4456 - Generator loss: 3.7490
Epoch 130/150
Critic loss: -2.1739 - Generator loss: 3.9253
Generated 10000 images -> output/wgan_gp/fid_temp
FID: 137.0002
Validation FID: 137.0002
No FID improvement - 137.0002 over best 136.3778
Epoch 131/150
Critic loss: -2.1135 - Generator loss: 4.4751
Epoch 132/150
Critic loss: -2.4073 - Generator loss: 4.4848
Epoch 133/150
Critic loss: -1.9239 - Generator loss: 4.7022
Epoch 134/150
Critic loss: -2.1113 - Generator loss: 4.8412
Epoch 135/150
Critic loss: -2.4567 - Generator loss: 4.8588
Epoch 136/150
Critic loss: -2.1455 - Generator loss: 4.5052
Epoch 137/150
Critic loss: -2.2471 - Generator loss: 4.7787
Epoch 138/150
Critic loss: -2.3204 - Generator loss: 4.7758
Epoch 139/150
Critic loss: -2.0795 - Generator loss: 4.2980
Epoch 140/150
Critic loss: -2.7707 - Generator loss: 4.9363
Generated 10000 images -> output/wgan_gp/fid_temp
FID: 139.0012
Validation FID: 139.0012
No FID improvement - 139.0012 over best 136.3778
Epoch 141/150
Critic loss: -2.4066 - Generator loss: 4.5457
Epoch 142/150
Critic loss: -2.3893 - Generator loss: 4.5246
Epoch 143/150
Critic loss: -2.2697 - Generator loss: 4.7947
Epoch 144/150
Critic loss: -2.3334 - Generator loss: 5.2166
Epoch 145/150
Critic loss: -2.0770 - Generator loss: 5.5991
Epoch 146/150
Critic loss: -2.2169 - Generator loss: 5.6267
Epoch 147/150
Critic loss: -2.3918 - Generator loss: 5.0224
Epoch 148/150
Critic loss: -2.1130 - Generator loss: 5.6308
Epoch 149/150
Critic loss: -1.9736 - Generator loss: 5.6652
Epoch 150/150
Critic loss: -2.3699 - Generator loss: 5.4782
Generated 10000 images -> output/wgan_gp/fid_temp
FID: 136.8585
Validation FID: 136.8585
No FID improvement - 136.8585 over best 136.3778
