[train] Loaded 50000 real images  |  batches: 390
[valid] Loaded 10000 real images  |  batches: 79
[test] Loaded 10000 real images  |  batches: 79
Epoch 1/200
Critic loss: -21.7867 - Generator loss: 34.1871
Epoch 2/200
Critic loss: -17.7551 - Generator loss: 22.1817
Epoch 3/200
Critic loss: -13.5016 - Generator loss: 14.8085
Epoch 4/200
Critic loss: -13.8644 - Generator loss: 15.6201
Epoch 5/200
Critic loss: -9.3443 - Generator loss: 13.0640
Epoch 6/200
Critic loss: -9.3236 - Generator loss: 3.2469
Epoch 7/200
Critic loss: -8.8126 - Generator loss: 0.3159
Epoch 8/200
Critic loss: -8.8313 - Generator loss: -1.7974
Epoch 9/200
Critic loss: -9.0619 - Generator loss: -2.8519
Epoch 10/200
Critic loss: -10.1001 - Generator loss: -3.1747
Generated 10000 images -> output/wgan_gp/fid_temp
FID: 167.6388
Validation FID: 167.6388
New best model - models/wgan_gp_model_64.pt, with FID: 167.6388
LR: 0.000199
Epoch 11/200
Critic loss: -8.1201 - Generator loss: -2.1085
Epoch 12/200
Critic loss: -8.8498 - Generator loss: -1.3642
Epoch 13/200
Critic loss: -7.2916 - Generator loss: -1.6032
Epoch 14/200
Critic loss: -7.6272 - Generator loss: -1.7210
Epoch 15/200
Critic loss: -7.3689 - Generator loss: -1.3643
Epoch 16/200
Critic loss: -6.6648 - Generator loss: -0.9755
Epoch 17/200
Critic loss: -6.5919 - Generator loss: -0.3135
Epoch 18/200
Critic loss: -7.5451 - Generator loss: -1.2734
Epoch 19/200
Critic loss: -5.9545 - Generator loss: -0.3274
Epoch 20/200
Critic loss: -6.6404 - Generator loss: 0.3068
Generated 10000 images -> output/wgan_gp/fid_temp
FID: 156.6635
Validation FID: 156.6635
New best model - models/wgan_gp_model_64.pt, with FID: 156.6635
LR: 0.000196
Epoch 21/200
Critic loss: -6.2982 - Generator loss: -0.0076
Epoch 22/200
Critic loss: -5.5316 - Generator loss: -0.7841
Epoch 23/200
Critic loss: -4.7118 - Generator loss: -0.0521
Epoch 24/200
Critic loss: -5.6037 - Generator loss: -1.2014
Epoch 25/200
Critic loss: -5.7158 - Generator loss: -0.7708
Epoch 26/200
Critic loss: -5.3082 - Generator loss: -0.6903
Epoch 27/200
Critic loss: -5.5732 - Generator loss: -0.3131
Epoch 28/200
Critic loss: -5.2625 - Generator loss: -1.3399
Epoch 29/200
Critic loss: -4.5864 - Generator loss: 0.1253
Epoch 30/200
Critic loss: -5.0288 - Generator loss: 0.3746
Generated 10000 images -> output/wgan_gp/fid_temp
FID: 154.6210
Validation FID: 154.6210
New best model - models/wgan_gp_model_64.pt, with FID: 154.6210
LR: 0.000192
Epoch 31/200
Critic loss: -4.5462 - Generator loss: 0.5456
Epoch 32/200
Critic loss: -4.9416 - Generator loss: -0.3051
Epoch 33/200
Critic loss: -4.9474 - Generator loss: 0.1561
Epoch 34/200
Critic loss: -4.7154 - Generator loss: -0.2787
Epoch 35/200
Critic loss: -6.1009 - Generator loss: 0.2566
Epoch 36/200
Critic loss: -5.5110 - Generator loss: 1.1672
Epoch 37/200
Critic loss: -5.3383 - Generator loss: -0.2597
Epoch 38/200
Critic loss: -4.9410 - Generator loss: 0.4392
Epoch 39/200
Critic loss: -5.0156 - Generator loss: -0.1144
Epoch 40/200
Critic loss: -5.1956 - Generator loss: 0.1527
Generated 10000 images -> output/wgan_gp/fid_temp
FID: 151.3732
Validation FID: 151.3732
New best model - models/wgan_gp_model_64.pt, with FID: 151.3732
LR: 0.000186
Epoch 41/200
Critic loss: -4.4341 - Generator loss: 0.9074
Epoch 42/200
Critic loss: -4.3759 - Generator loss: 0.1521
Epoch 43/200
Critic loss: -4.3405 - Generator loss: 0.5612
Epoch 44/200
Critic loss: -4.5103 - Generator loss: -0.5333
Epoch 45/200
Critic loss: -4.7532 - Generator loss: 0.2575
Epoch 46/200
Critic loss: -4.2839 - Generator loss: -0.1988
Epoch 47/200
Critic loss: -4.3646 - Generator loss: -0.6069
Epoch 48/200
Critic loss: -4.6438 - Generator loss: -0.9570
Epoch 49/200
Critic loss: -4.5084 - Generator loss: -0.3018
Epoch 50/200
Critic loss: -4.0153 - Generator loss: -0.4532
Generated 10000 images -> output/wgan_gp/fid_temp
FID: 146.2702
Validation FID: 146.2702
New best model - models/wgan_gp_model_64.pt, with FID: 146.2702
LR: 0.000178
Epoch 51/200
Critic loss: -3.9928 - Generator loss: 0.0244
Epoch 52/200
Critic loss: -4.3682 - Generator loss: 0.0578
Epoch 53/200
Critic loss: -4.3919 - Generator loss: -0.3846
Epoch 54/200
Critic loss: -4.7053 - Generator loss: 0.4897
Epoch 55/200
Critic loss: -4.7689 - Generator loss: -0.3018
Epoch 56/200
Critic loss: -3.1469 - Generator loss: -0.0912
Epoch 57/200
Critic loss: -4.2116 - Generator loss: -0.2633
Epoch 58/200
Critic loss: -3.6438 - Generator loss: 0.0961
Epoch 59/200
Critic loss: -2.7684 - Generator loss: 0.1514
Epoch 60/200
Critic loss: -3.9739 - Generator loss: -1.5414
Generated 10000 images -> output/wgan_gp/fid_temp
FID: 144.2378
Validation FID: 144.2378
New best model - models/wgan_gp_model_64.pt, with FID: 144.2378
LR: 0.000169
Epoch 61/200
Critic loss: -3.7616 - Generator loss: -0.7312
Epoch 62/200
Critic loss: -3.5287 - Generator loss: -0.7379
Epoch 63/200
Critic loss: -3.6825 - Generator loss: -1.2465
Epoch 64/200
Critic loss: -4.2139 - Generator loss: -1.2404
Epoch 65/200
Critic loss: -4.2406 - Generator loss: -0.9352
Epoch 66/200
Critic loss: -3.6624 - Generator loss: -0.3705
Epoch 67/200
Critic loss: -3.3631 - Generator loss: -0.3131
Epoch 68/200
Critic loss: -3.6180 - Generator loss: -0.9048
Epoch 69/200
Critic loss: -3.6358 - Generator loss: -0.5325
Epoch 70/200
Critic loss: -4.4294 - Generator loss: -0.5219
Generated 10000 images -> output/wgan_gp/fid_temp
FID: 141.9010
Validation FID: 141.9010
New best model - models/wgan_gp_model_64.pt, with FID: 141.9010
LR: 0.000159
Epoch 71/200
Critic loss: -3.7897 - Generator loss: -0.2705
Epoch 72/200
Critic loss: -3.4201 - Generator loss: -0.9432
Epoch 73/200
Critic loss: -3.4670 - Generator loss: -1.3338
Epoch 74/200
Critic loss: -4.3092 - Generator loss: -1.2362
Epoch 75/200
Critic loss: -3.2230 - Generator loss: -1.2306
Epoch 76/200
Critic loss: -3.6519 - Generator loss: -1.2472
Epoch 77/200
Critic loss: -3.0778 - Generator loss: -0.8562
Epoch 78/200
Critic loss: -3.7554 - Generator loss: -0.9341
Epoch 79/200
Critic loss: -3.5915 - Generator loss: -1.1597
Epoch 80/200
Critic loss: -3.4314 - Generator loss: -0.6336
Generated 10000 images -> output/wgan_gp/fid_temp
FID: 143.4201
Validation FID: 143.4201
No FID improvement - 143.4201 over best 141.9010
LR: 0.000148
Epoch 81/200
Critic loss: -3.5360 - Generator loss: -0.4841
Epoch 82/200
Critic loss: -3.6694 - Generator loss: -0.4660
Epoch 83/200
Critic loss: -3.7682 - Generator loss: -1.3852
Epoch 84/200
Critic loss: -3.7001 - Generator loss: -1.1817
Epoch 85/200
Critic loss: -3.6782 - Generator loss: -0.9859
Epoch 86/200
Critic loss: -3.0916 - Generator loss: -1.6431
Epoch 87/200
Critic loss: -3.0311 - Generator loss: -1.0749
Epoch 88/200
Critic loss: -3.7437 - Generator loss: -1.5827
Epoch 89/200
Critic loss: -3.6147 - Generator loss: -1.7364
Epoch 90/200
Critic loss: -3.7290 - Generator loss: -1.2489
Generated 10000 images -> output/wgan_gp/fid_temp
FID: 142.2035
Validation FID: 142.2035
No FID improvement - 142.2035 over best 141.9010
LR: 0.000137
Epoch 91/200
Critic loss: -3.1061 - Generator loss: -1.4289
Epoch 92/200
Critic loss: -3.2449 - Generator loss: -1.4820
Epoch 93/200
Critic loss: -3.5717 - Generator loss: -1.5205
Epoch 94/200
Critic loss: -3.6357 - Generator loss: -1.6823
Epoch 95/200
Critic loss: -3.9327 - Generator loss: -2.2676
Epoch 96/200
Critic loss: -3.7009 - Generator loss: -1.8688
Epoch 97/200
Critic loss: -3.5940 - Generator loss: -1.3310
Epoch 98/200
Critic loss: -3.0264 - Generator loss: -1.4285
Epoch 99/200
Critic loss: -3.2349 - Generator loss: -1.2813
Epoch 100/200
Critic loss: -3.7552 - Generator loss: -1.7385
Generated 10000 images -> output/wgan_gp/fid_temp
FID: 142.8161
Validation FID: 142.8161
No FID improvement - 142.8161 over best 141.9010
LR: 0.000125
Epoch 101/200
Critic loss: -3.4916 - Generator loss: -1.2913
Epoch 102/200
Critic loss: -3.4558 - Generator loss: -1.2420
Epoch 103/200
Critic loss: -3.0920 - Generator loss: -1.1930
Epoch 104/200
Critic loss: -2.9585 - Generator loss: -0.6817
Epoch 105/200
Critic loss: -3.5112 - Generator loss: -1.5368
Epoch 106/200
Critic loss: -3.0692 - Generator loss: -1.0115
Epoch 107/200
Critic loss: -3.5306 - Generator loss: -1.1102
Epoch 108/200
Critic loss: -3.0138 - Generator loss: -0.6208
Epoch 109/200
Critic loss: -3.4407 - Generator loss: -0.9348
Epoch 110/200
Critic loss: -3.3240 - Generator loss: -1.0587
Generated 10000 images -> output/wgan_gp/fid_temp
FID: 138.6072
Validation FID: 138.6072
New best model - models/wgan_gp_model_64.pt, with FID: 138.6072
LR: 0.000113
Epoch 111/200
Critic loss: -3.0792 - Generator loss: -1.4109
Epoch 112/200
Critic loss: -2.9903 - Generator loss: -1.2546
Epoch 113/200
Critic loss: -3.4121 - Generator loss: -1.0088
Epoch 114/200
Critic loss: -2.8512 - Generator loss: -1.5930
Epoch 115/200
Critic loss: -3.1652 - Generator loss: -0.6239
Epoch 116/200
Critic loss: -3.0428 - Generator loss: -1.1902
Epoch 117/200
Critic loss: -3.5011 - Generator loss: -0.9988
Epoch 118/200
Critic loss: -3.0215 - Generator loss: -1.5075
Epoch 119/200
Critic loss: -3.2574 - Generator loss: -1.6382
Epoch 120/200
Critic loss: -3.4115 - Generator loss: -1.2073
Generated 10000 images -> output/wgan_gp/fid_temp
FID: 141.3002
Validation FID: 141.3002
No FID improvement - 141.3002 over best 138.6072
LR: 0.000102
Epoch 121/200
Critic loss: -3.7304 - Generator loss: -1.0552
Epoch 122/200
Critic loss: -2.9164 - Generator loss: -0.7853
Epoch 123/200
Critic loss: -3.3127 - Generator loss: -0.9236
Epoch 124/200
Critic loss: -3.4411 - Generator loss: -0.9595
Epoch 125/200
Critic loss: -3.5349 - Generator loss: -0.8278
Epoch 126/200
Critic loss: -3.3025 - Generator loss: -1.2628
Epoch 127/200
Critic loss: -3.0430 - Generator loss: -0.6141
Epoch 128/200
Critic loss: -2.8802 - Generator loss: -0.8485
Epoch 129/200
Critic loss: -3.2206 - Generator loss: -0.9366
Epoch 130/200
Critic loss: -3.0051 - Generator loss: -1.4025
Generated 10000 images -> output/wgan_gp/fid_temp
FID: 138.3665
Validation FID: 138.3665
New best model - models/wgan_gp_model_64.pt, with FID: 138.3665
LR: 0.000091
Epoch 131/200
Critic loss: -3.1141 - Generator loss: -1.1182
Epoch 132/200
Critic loss: -3.4958 - Generator loss: -1.2104
Epoch 133/200
Critic loss: -3.1473 - Generator loss: -0.9763
Epoch 134/200
Critic loss: -2.8504 - Generator loss: -1.2773
Epoch 135/200
Critic loss: -3.4116 - Generator loss: -1.0925
Epoch 136/200
Critic loss: -3.3672 - Generator loss: -0.6912
Epoch 137/200
Critic loss: -3.2030 - Generator loss: -1.3224
Epoch 138/200
Critic loss: -3.0213 - Generator loss: -1.0666
Epoch 139/200
Critic loss: -3.1135 - Generator loss: -1.0857
Epoch 140/200
Critic loss: -2.5991 - Generator loss: -0.9153
Generated 10000 images -> output/wgan_gp/fid_temp
FID: 140.3547
Validation FID: 140.3547
No FID improvement - 140.3547 over best 138.3665
LR: 0.000081
Epoch 141/200
Critic loss: -2.9373 - Generator loss: -1.1532
Epoch 142/200
Critic loss: -2.9610 - Generator loss: -1.0349
Epoch 143/200
Critic loss: -3.1725 - Generator loss: -1.2361
Epoch 144/200
Critic loss: -3.3401 - Generator loss: -0.9411
Epoch 145/200
Critic loss: -3.2466 - Generator loss: -0.7911
Epoch 146/200
Critic loss: -2.8101 - Generator loss: -1.0311
Epoch 147/200
Critic loss: -2.9110 - Generator loss: -1.0487
Epoch 148/200
Critic loss: -2.7952 - Generator loss: -1.0386
Epoch 149/200
Critic loss: -3.0347 - Generator loss: -0.9820
Epoch 150/200
Critic loss: -2.8858 - Generator loss: -1.3751
Generated 10000 images -> output/wgan_gp/fid_temp
FID: 139.2443
Validation FID: 139.2443
No FID improvement - 139.2443 over best 138.3665
LR: 0.000072
Epoch 151/200
Critic loss: -2.9445 - Generator loss: -1.3928
Epoch 152/200
Critic loss: -3.0304 - Generator loss: -1.3125
Epoch 153/200
Critic loss: -3.0522 - Generator loss: -1.3001
Epoch 154/200
Critic loss: -3.1662 - Generator loss: -0.9289
Epoch 155/200
Critic loss: -2.9988 - Generator loss: -0.9215
Epoch 156/200
Critic loss: -3.2901 - Generator loss: -0.8243
Epoch 157/200
Critic loss: -3.0689 - Generator loss: -0.9932
Epoch 158/200
Critic loss: -3.4369 - Generator loss: -1.1335
Epoch 159/200
Critic loss: -2.6763 - Generator loss: -1.2260
Epoch 160/200
Critic loss: -3.1000 - Generator loss: -0.8997
Generated 10000 images -> output/wgan_gp/fid_temp
FID: 138.9703
Validation FID: 138.9703
No FID improvement - 138.9703 over best 138.3665
LR: 0.000064
Epoch 161/200
Critic loss: -3.2737 - Generator loss: -0.8573
Epoch 162/200
Critic loss: -3.2557 - Generator loss: -0.7082
Epoch 163/200
Critic loss: -3.1035 - Generator loss: -0.9271
Epoch 164/200
Critic loss: -2.8414 - Generator loss: -0.7521
Epoch 165/200
Critic loss: -3.2316 - Generator loss: -0.6036
Epoch 166/200
Critic loss: -3.0387 - Generator loss: -0.8023
Epoch 167/200
Critic loss: -3.3325 - Generator loss: -0.5435
Epoch 168/200
Critic loss: -3.3019 - Generator loss: -0.9194
Epoch 169/200
Critic loss: -2.8694 - Generator loss: -1.0496
Epoch 170/200
Critic loss: -3.2773 - Generator loss: -1.1210
Generated 10000 images -> output/wgan_gp/fid_temp
FID: 137.7744
Validation FID: 137.7744
New best model - models/wgan_gp_model_64.pt, with FID: 137.7744
LR: 0.000058
Epoch 171/200
Critic loss: -2.9612 - Generator loss: -0.9717
Epoch 172/200
Critic loss: -3.0148 - Generator loss: -1.1623
Epoch 173/200
Critic loss: -3.1394 - Generator loss: -0.9092
Epoch 174/200
Critic loss: -2.9166 - Generator loss: -0.9267
Epoch 175/200
Critic loss: -3.1125 - Generator loss: -0.9498
Epoch 176/200
Critic loss: -3.0279 - Generator loss: -0.9228
Epoch 177/200
Critic loss: -3.1954 - Generator loss: -1.1326
Epoch 178/200
Critic loss: -3.4994 - Generator loss: -1.1166
Epoch 179/200
Critic loss: -2.7240 - Generator loss: -1.1813
Epoch 180/200
Critic loss: -2.8229 - Generator loss: -1.2207
Generated 10000 images -> output/wgan_gp/fid_temp
FID: 140.7224
Validation FID: 140.7224
No FID improvement - 140.7224 over best 137.7744
LR: 0.000054
Epoch 181/200
Critic loss: -3.1999 - Generator loss: -1.0162
Epoch 182/200
Critic loss: -3.0884 - Generator loss: -1.1403
Epoch 183/200
Critic loss: -3.0318 - Generator loss: -0.8598
Epoch 184/200
Critic loss: -2.9033 - Generator loss: -0.9977
Epoch 185/200
Critic loss: -2.7892 - Generator loss: -1.3590
Epoch 186/200
Critic loss: -3.0033 - Generator loss: -0.9274
Epoch 187/200
Critic loss: -3.0051 - Generator loss: -1.0461
Epoch 188/200
Critic loss: -2.9069 - Generator loss: -0.9740
Epoch 189/200
Critic loss: -3.3266 - Generator loss: -0.7482
Epoch 190/200
Critic loss: -3.3303 - Generator loss: -0.7664
Generated 10000 images -> output/wgan_gp/fid_temp
FID: 138.6964
Validation FID: 138.6964
No FID improvement - 138.6964 over best 137.7744
LR: 0.000051
Epoch 191/200
Critic loss: -2.8785 - Generator loss: -0.8348
Epoch 192/200
Critic loss: -3.1374 - Generator loss: -0.6515
Epoch 193/200
Critic loss: -2.9356 - Generator loss: -0.7080
Epoch 194/200
Critic loss: -3.1866 - Generator loss: -0.6986
Epoch 195/200
Critic loss: -3.0400 - Generator loss: -0.6317
Epoch 196/200
Critic loss: -2.7850 - Generator loss: -0.7257
Epoch 197/200
Critic loss: -2.8566 - Generator loss: -0.5747
Epoch 198/200
Critic loss: -3.2337 - Generator loss: -0.4112
Epoch 199/200
Critic loss: -3.1488 - Generator loss: -0.6744
Epoch 200/200
Critic loss: -3.3641 - Generator loss: -0.6122
Generated 10000 images -> output/wgan_gp/fid_temp
FID: 138.0391
Validation FID: 138.0391
No FID improvement - 138.0391 over best 137.7744
LR: 0.000050
Generated 10000 images -> output/wgan_gp_64
FID: 139.4738
WGAN-GP FID: 139.4738
